This is XeTeX, Version 3.14159265-2.6-0.999992 (MiKTeX 21.1) (preloaded format=xelatex 2021.5.7)  7 MAY 2021 10:50
entering extended mode
**c:/Git/UFO/UFO-Exam/LatexClassifier.tex
(c:/Git/UFO/UFO-Exam/LatexClassifier.tex
LaTeX2e <2020-10-01> patch level 4
L3 programming layer <2021-01-09> xparse <2020-03-03> (C:\Users\maste\AppData\Local\Programs\MiKTeX\tex/latex/base\article.cls
Document Class: article 2020/04/10 v1.4m Standard LaTeX document class
(C:\Users\maste\AppData\Local\Programs\MiKTeX\tex/latex/base\size10.clo
File: size10.clo 2020/04/10 v1.4m Standard LaTeX file (size option)
)
\c@part=\count173
\c@section=\count174
\c@subsection=\count175
\c@subsubsection=\count176
\c@paragraph=\count177
\c@subparagraph=\count178
\c@figure=\count179
\c@table=\count180
\abovecaptionskip=\skip47
\belowcaptionskip=\skip48
\bibindent=\dimen138
) (C:\Users\maste\AppData\Local\Programs\MiKTeX\tex/latex/enumitem\enumitem.sty
Package: enumitem 2019/06/20 v3.9 Customized lists
\enitkv@toks@=\toks15
\labelindent=\skip49
\enit@outerparindent=\dimen139
\enit@toks=\toks16
\enit@inbox=\box47
\enit@count@id=\count181
\enitdp@description=\count182
) (C:\Users\maste\AppData\Local\Programs\MiKTeX\tex/latex/graphics\graphicx.sty
Package: graphicx 2020/09/09 v1.2b Enhanced LaTeX Graphics (DPC,SPQR)
 (C:\Users\maste\AppData\Local\Programs\MiKTeX\tex/latex/graphics\keyval.sty
Package: keyval 2014/10/28 v1.15 key=value parser (DPC)
\KV@toks@=\toks17
) (C:\Users\maste\AppData\Local\Programs\MiKTeX\tex/latex/graphics\graphics.sty
Package: graphics 2020/08/30 v1.4c Standard LaTeX Graphics (DPC,SPQR)
 (C:\Users\maste\AppData\Local\Programs\MiKTeX\tex/latex/graphics\trig.sty
Package: trig 2016/01/03 v1.10 sin cos tan (DPC)
) (C:\Users\maste\AppData\Local\Programs\MiKTeX\tex/latex/graphics-cfg\graphics.cfg
File: graphics.cfg 2016/06/04 v1.11 sample graphics configuration
)
Package graphics Info: Driver file: xetex.def on input line 105.
 (C:\Users\maste\AppData\Local\Programs\MiKTeX\tex/latex/graphics-def\xetex.def
File: xetex.def 2020/08/26 v5.0i Graphics/color driver for xetex
))
\Gin@req@height=\dimen140
\Gin@req@width=\dimen141
) (C:\Users\maste\AppData\Local\Programs\MiKTeX\tex/latex/base\inputenc.sty
Package: inputenc 2020/08/01 v1.3d Input encoding file
\inpenc@prehook=\toks18
\inpenc@posthook=\toks19


Package inputenc Warning: inputenc package ignored with utf8 based engines.

) (C:\Users\maste\AppData\Local\Programs\MiKTeX\tex/latex/listings\listings.sty
\lst@mode=\count183
\lst@gtempboxa=\box48
\lst@token=\toks20
\lst@length=\count184
\lst@currlwidth=\dimen142
\lst@column=\count185
\lst@pos=\count186
\lst@lostspace=\dimen143
\lst@width=\dimen144
\lst@newlines=\count187
\lst@lineno=\count188
\lst@maxwidth=\dimen145
 (C:\Users\maste\AppData\Local\Programs\MiKTeX\tex/latex/listings\lstmisc.sty
File: lstmisc.sty 2020/03/24 1.8d (Carsten Heinz)
\c@lstnumber=\count189
\lst@skipnumbers=\count190
\lst@framebox=\box49
) (C:\Users\maste\AppData\Local\Programs\MiKTeX\tex/latex/listings\listings.cfg
File: listings.cfg 2020/03/24 1.8d listings configuration
))
Package: listings 2020/03/24 1.8d (Carsten Heinz)
 (C:\Users\maste\AppData\Local\Programs\MiKTeX\tex/latex/xcolor\xcolor.sty
Package: xcolor 2016/05/11 v2.12 LaTeX color extensions (UK)
 (C:\Users\maste\AppData\Local\Programs\MiKTeX\tex/latex/graphics-cfg\color.cfg
File: color.cfg 2016/01/02 v1.6 sample color configuration
)
Package xcolor Info: Driver file: xetex.def on input line 225.
Package xcolor Info: Model `cmy' substituted by `cmy0' on input line 1348.
Package xcolor Info: Model `RGB' extended on input line 1364.
Package xcolor Info: Model `HTML' substituted by `rgb' on input line 1366.
Package xcolor Info: Model `Hsb' substituted by `hsb' on input line 1367.
Package xcolor Info: Model `tHsb' substituted by `hsb' on input line 1368.
Package xcolor Info: Model `HSB' substituted by `hsb' on input line 1369.
Package xcolor Info: Model `Gray' substituted by `gray' on input line 1370.
Package xcolor Info: Model `wave' substituted by `hsb' on input line 1371.
) (C:\Users\maste\AppData\Local\Programs\MiKTeX\tex/latex/url\url.sty
\Urlmuskip=\muskip16
Package: url 2013/09/16  ver 3.4  Verb mode for urls, etc.
) (C:\Users\maste\AppData\Local\Programs\MiKTeX\tex/latex/placeins\placeins.sty
Package: placeins 2005/04/18  v 2.2
) (C:\Users\maste\AppData\Local\Programs\MiKTeX\tex/latex/l3backend\l3backend-xetex.def
File: l3backend-xetex.def 2021-01-09 L3 backend support: XeTeX
 ()
\c__kernel_sys_dvipdfmx_version_int=\count191
\g__color_stack_int=\count192
\l__kernel_color_stack_int=\count193
\g__graphics_track_int=\count194
\l__pdf_internal_box=\box50
\g__pdf_backend_object_int=\count195
\g__pdf_backend_annotation_int=\count196
\g__pdf_backend_link_int=\count197
) (LatexClassifier.aux)
\openout1 = `LatexClassifier.aux'.

LaTeX Font Info:    Checking defaults for OML/cmm/m/it on input line 20.
LaTeX Font Info:    ... okay on input line 20.
LaTeX Font Info:    Checking defaults for OMS/cmsy/m/n on input line 20.
LaTeX Font Info:    ... okay on input line 20.
LaTeX Font Info:    Checking defaults for OT1/cmr/m/n on input line 20.
LaTeX Font Info:    ... okay on input line 20.
LaTeX Font Info:    Checking defaults for T1/cmr/m/n on input line 20.
LaTeX Font Info:    ... okay on input line 20.
LaTeX Font Info:    Checking defaults for TS1/cmr/m/n on input line 20.
LaTeX Font Info:    Trying to load font information for TS1+cmr on input line 20.
 (C:\Users\maste\AppData\Local\Programs\MiKTeX\tex/latex/base\ts1cmr.fd
File: ts1cmr.fd 2019/12/16 v2.5j Standard LaTeX font definitions
)
LaTeX Font Info:    ... okay on input line 20.
LaTeX Font Info:    Checking defaults for TU/lmr/m/n on input line 20.
LaTeX Font Info:    ... okay on input line 20.
LaTeX Font Info:    Checking defaults for OMX/cmex/m/n on input line 20.
LaTeX Font Info:    ... okay on input line 20.
LaTeX Font Info:    Checking defaults for U/cmr/m/n on input line 20.
LaTeX Font Info:    ... okay on input line 20.
\c@lstlisting=\count198
LaTeX Font Info:    External font `cmex10' loaded for size
(Font)              <12> on input line 21.
LaTeX Font Info:    External font `cmex10' loaded for size
(Font)              <8> on input line 21.
LaTeX Font Info:    External font `cmex10' loaded for size
(Font)              <6> on input line 21.
 (LatexClassifier.toc
LaTeX Font Info:    External font `cmex10' loaded for size
(Font)              <7> on input line 3.
LaTeX Font Info:    External font `cmex10' loaded for size
(Font)              <5> on input line 3.
)
\tf@toc=\write3
\openout3 = `LatexClassifier.toc'.

 [1

] [2

]
File: ./pictures//animalTree.png Graphic file (type bmp)
<./pictures//animalTree.png>
File: ./pictures//knnIris.png Graphic file (type bmp)
<./pictures//knnIris.png>


LaTeX Warning: `!h' float specifier changed to `!ht'.

[3]
File: ./pictures//successIris.png Graphic file (type bmp)
<./pictures//successIris.png>
File: ./pictures//GaussianIris.png Graphic file (type bmp)
<./pictures//GaussianIris.png>
File: ./pictures//multiIris.png Graphic file (type bmp)
<./pictures//multiIris.png>
File: ./pictures//treeIris.png Graphic file (type bmp)
<./pictures//treeIris.png>
 [4]
File: ./pictures//knnPenguin.png Graphic file (type bmp)
<./pictures//knnPenguin.png>
File: ./pictures//GaussianPenguin.png Graphic file (type bmp)
<./pictures//GaussianPenguin.png>
File: ./pictures//multiPenguin.png Graphic file (type bmp)
<./pictures//multiPenguin.png>
File: ./pictures//treePenguin.png Graphic file (type bmp)
<./pictures//treePenguin.png>
 [5]
File: ./pictures//knnWine.png Graphic file (type bmp)
<./pictures//knnWine.png>
File: ./pictures//GaussianWine.png Graphic file (type bmp)
<./pictures//GaussianWine.png>
File: ./pictures//multiWine.png Graphic file (type bmp)
<./pictures//multiWine.png>
File: ./pictures//treeWine.png Graphic file (type bmp)
<./pictures//treeWine.png>

Underfull \hbox (badness 10000) in paragraph at lines 193--199

 []

[6] (LatexClassifier.bbl [7]) [8] (LatexClassifier.aux) ) 
Here is how much of TeX's memory you used:
 3094 strings out of 412016
 46634 string characters out of 2844937
 345024 words of memory out of 3000000
 22767 multiletter control sequences out of 15000+200000
 406246 words of font info for 46 fonts, out of 3000000 for 9000
 1348 hyphenation exceptions out of 8191
 68i,6n,74p,553b,267s stack positions out of 5000i,500n,10000p,200000b,50000s

Output written on LatexClassifier.xdv (8 pages, 122480 bytes).
